<?xml version="1.0" encoding="UTF-8"?>
<testsuite xmlns:xsi="http://www.w3.org/2001/XMLSchema-instance" xsi:noNamespaceSchemaLocation="https://maven.apache.org/surefire/maven-surefire-plugin/xsd/surefire-test-report.xsd" name="ar.edu.ubp.das.jpg.AppTest" time="0.17" tests="1" errors="0" skipped="0" failures="0">
  <properties>
    <property name="java.specification.version" value="20"/>
    <property name="sun.cpu.isalist" value="amd64"/>
    <property name="sun.jnu.encoding" value="Cp1252"/>
    <property name="java.class.path" value="c:\Users\Tomás\Documents\DAS\DAS-FINAL\Publicistas\SOAP\jpg\target\test-classes;c:\Users\Tomás\Documents\DAS\DAS-FINAL\Publicistas\SOAP\jpg\target\classes;C:\Users\Tomás\.m2\repository\com\microsoft\sqlserver\mssql-jdbc\12.3.1.jre11-preview\mssql-jdbc-12.3.1.jre11-preview.jar;C:\Users\Tomás\.m2\repository\com\google\code\gson\gson\2.10.1\gson-2.10.1.jar;C:\Users\Tomás\.m2\repository\org\apache\cxf\cxf-rt-frontend-jaxws\4.0.3\cxf-rt-frontend-jaxws-4.0.3.jar;C:\Users\Tomás\.m2\repository\xml-resolver\xml-resolver\1.2\xml-resolver-1.2.jar;C:\Users\Tomás\.m2\repository\org\ow2\asm\asm\9.5\asm-9.5.jar;C:\Users\Tomás\.m2\repository\org\apache\cxf\cxf-core\4.0.3\cxf-core-4.0.3.jar;C:\Users\Tomás\.m2\repository\jakarta\annotation\jakarta.annotation-api\2.1.1\jakarta.annotation-api-2.1.1.jar;C:\Users\Tomás\.m2\repository\org\glassfish\jaxb\jaxb-runtime\3.0.2\jaxb-runtime-3.0.2.jar;C:\Users\Tomás\.m2\repository\org\glassfish\jaxb\jaxb-core\3.0.2\jaxb-core-3.0.2.jar;C:\Users\Tomás\.m2\repository\org\glassfish\jaxb\txw2\3.0.2\txw2-3.0.2.jar;C:\Users\Tomás\.m2\repository\com\sun\istack\istack-commons-runtime\4.0.1\istack-commons-runtime-4.0.1.jar;C:\Users\Tomás\.m2\repository\com\fasterxml\woodstox\woodstox-core\6.5.1\woodstox-core-6.5.1.jar;C:\Users\Tomás\.m2\repository\org\codehaus\woodstox\stax2-api\4.2.1\stax2-api-4.2.1.jar;C:\Users\Tomás\.m2\repository\org\apache\ws\xmlschema\xmlschema-core\2.3.1\xmlschema-core-2.3.1.jar;C:\Users\Tomás\.m2\repository\jakarta\xml\bind\jakarta.xml.bind-api\3.0.1\jakarta.xml.bind-api-3.0.1.jar;C:\Users\Tomás\.m2\repository\org\apache\cxf\cxf-rt-bindings-soap\4.0.3\cxf-rt-bindings-soap-4.0.3.jar;C:\Users\Tomás\.m2\repository\jakarta\xml\soap\jakarta.xml.soap-api\2.0.1\jakarta.xml.soap-api-2.0.1.jar;C:\Users\Tomás\.m2\repository\jakarta\jws\jakarta.jws-api\3.0.0\jakarta.jws-api-3.0.0.jar;C:\Users\Tomás\.m2\repository\jakarta\xml\ws\jakarta.xml.ws-api\3.0.1\jakarta.xml.ws-api-3.0.1.jar;C:\Users\Tomás\.m2\repository\org\apache\cxf\cxf-rt-wsdl\4.0.3\cxf-rt-wsdl-4.0.3.jar;C:\Users\Tomás\.m2\repository\wsdl4j\wsdl4j\1.6.3\wsdl4j-1.6.3.jar;C:\Users\Tomás\.m2\repository\org\apache\cxf\cxf-rt-databinding-jaxb\4.0.3\cxf-rt-databinding-jaxb-4.0.3.jar;C:\Users\Tomás\.m2\repository\org\apache\cxf\cxf-rt-bindings-xml\4.0.3\cxf-rt-bindings-xml-4.0.3.jar;C:\Users\Tomás\.m2\repository\org\apache\cxf\cxf-rt-frontend-simple\4.0.3\cxf-rt-frontend-simple-4.0.3.jar;C:\Users\Tomás\.m2\repository\org\eclipse\angus\angus-mail\1.0.0\angus-mail-1.0.0.jar;C:\Users\Tomás\.m2\repository\jakarta\mail\jakarta.mail-api\2.1.0\jakarta.mail-api-2.1.0.jar;C:\Users\Tomás\.m2\repository\org\apache\cxf\cxf-rt-ws-addr\4.0.3\cxf-rt-ws-addr-4.0.3.jar;C:\Users\Tomás\.m2\repository\org\apache\cxf\cxf-rt-ws-policy\4.0.3\cxf-rt-ws-policy-4.0.3.jar;C:\Users\Tomás\.m2\repository\org\apache\neethi\neethi\3.2.0\neethi-3.2.0.jar;C:\Users\Tomás\.m2\repository\org\eclipse\angus\angus-activation\2.0.1\angus-activation-2.0.1.jar;C:\Users\Tomás\.m2\repository\jakarta\activation\jakarta.activation-api\2.1.2\jakarta.activation-api-2.1.2.jar;C:\Users\Tomás\.m2\repository\org\apache\cxf\cxf-rt-transports-http-jetty\4.0.3\cxf-rt-transports-http-jetty-4.0.3.jar;C:\Users\Tomás\.m2\repository\org\apache\cxf\cxf-rt-transports-http\4.0.3\cxf-rt-transports-http-4.0.3.jar;C:\Users\Tomás\.m2\repository\org\eclipse\jetty\jetty-server\11.0.16\jetty-server-11.0.16.jar;C:\Users\Tomás\.m2\repository\org\eclipse\jetty\toolchain\jetty-jakarta-servlet-api\5.0.2\jetty-jakarta-servlet-api-5.0.2.jar;C:\Users\Tomás\.m2\repository\org\eclipse\jetty\jetty-util\11.0.16\jetty-util-11.0.16.jar;C:\Users\Tomás\.m2\repository\org\eclipse\jetty\jetty-io\11.0.16\jetty-io-11.0.16.jar;C:\Users\Tomás\.m2\repository\org\eclipse\jetty\jetty-security\11.0.16\jetty-security-11.0.16.jar;C:\Users\Tomás\.m2\repository\org\eclipse\jetty\jetty-http\11.0.16\jetty-http-11.0.16.jar;C:\Users\Tomás\.m2\repository\org\slf4j\slf4j-api\2.0.9\slf4j-api-2.0.9.jar;C:\Users\Tomás\.m2\repository\junit\junit\4.11\junit-4.11.jar;C:\Users\Tomás\.m2\repository\org\hamcrest\hamcrest-core\1.3\hamcrest-core-1.3.jar;"/>
    <property name="java.vm.vendor" value="Oracle Corporation"/>
    <property name="sun.arch.data.model" value="64"/>
    <property name="user.variant" value=""/>
    <property name="java.vendor.url" value="https://java.oracle.com/"/>
    <property name="user.timezone" value="America/Buenos_Aires"/>
    <property name="os.name" value="Windows 10"/>
    <property name="java.vm.specification.version" value="20"/>
    <property name="sun.java.launcher" value="SUN_STANDARD"/>
    <property name="user.country" value="ES"/>
    <property name="sun.boot.library.path" value="C:\Program Files\Java\jdk-20\bin"/>
    <property name="sun.java.command" value="C:\Users\TOMS~1\AppData\Local\Temp\surefire12470783322480168521\surefirebooter13785122485959410597.jar C:\Users\Tomás\AppData\Local\Temp\surefire12470783322480168521 2023-12-18T09-57-18_144-jvmRun1 surefire1471585472967444128tmp surefire_012193287123157558126tmp"/>
    <property name="jdk.debug" value="release"/>
    <property name="surefire.test.class.path" value="c:\Users\Tomás\Documents\DAS\DAS-FINAL\Publicistas\SOAP\jpg\target\test-classes;c:\Users\Tomás\Documents\DAS\DAS-FINAL\Publicistas\SOAP\jpg\target\classes;C:\Users\Tomás\.m2\repository\com\microsoft\sqlserver\mssql-jdbc\12.3.1.jre11-preview\mssql-jdbc-12.3.1.jre11-preview.jar;C:\Users\Tomás\.m2\repository\com\google\code\gson\gson\2.10.1\gson-2.10.1.jar;C:\Users\Tomás\.m2\repository\org\apache\cxf\cxf-rt-frontend-jaxws\4.0.3\cxf-rt-frontend-jaxws-4.0.3.jar;C:\Users\Tomás\.m2\repository\xml-resolver\xml-resolver\1.2\xml-resolver-1.2.jar;C:\Users\Tomás\.m2\repository\org\ow2\asm\asm\9.5\asm-9.5.jar;C:\Users\Tomás\.m2\repository\org\apache\cxf\cxf-core\4.0.3\cxf-core-4.0.3.jar;C:\Users\Tomás\.m2\repository\jakarta\annotation\jakarta.annotation-api\2.1.1\jakarta.annotation-api-2.1.1.jar;C:\Users\Tomás\.m2\repository\org\glassfish\jaxb\jaxb-runtime\3.0.2\jaxb-runtime-3.0.2.jar;C:\Users\Tomás\.m2\repository\org\glassfish\jaxb\jaxb-core\3.0.2\jaxb-core-3.0.2.jar;C:\Users\Tomás\.m2\repository\org\glassfish\jaxb\txw2\3.0.2\txw2-3.0.2.jar;C:\Users\Tomás\.m2\repository\com\sun\istack\istack-commons-runtime\4.0.1\istack-commons-runtime-4.0.1.jar;C:\Users\Tomás\.m2\repository\com\fasterxml\woodstox\woodstox-core\6.5.1\woodstox-core-6.5.1.jar;C:\Users\Tomás\.m2\repository\org\codehaus\woodstox\stax2-api\4.2.1\stax2-api-4.2.1.jar;C:\Users\Tomás\.m2\repository\org\apache\ws\xmlschema\xmlschema-core\2.3.1\xmlschema-core-2.3.1.jar;C:\Users\Tomás\.m2\repository\jakarta\xml\bind\jakarta.xml.bind-api\3.0.1\jakarta.xml.bind-api-3.0.1.jar;C:\Users\Tomás\.m2\repository\org\apache\cxf\cxf-rt-bindings-soap\4.0.3\cxf-rt-bindings-soap-4.0.3.jar;C:\Users\Tomás\.m2\repository\jakarta\xml\soap\jakarta.xml.soap-api\2.0.1\jakarta.xml.soap-api-2.0.1.jar;C:\Users\Tomás\.m2\repository\jakarta\jws\jakarta.jws-api\3.0.0\jakarta.jws-api-3.0.0.jar;C:\Users\Tomás\.m2\repository\jakarta\xml\ws\jakarta.xml.ws-api\3.0.1\jakarta.xml.ws-api-3.0.1.jar;C:\Users\Tomás\.m2\repository\org\apache\cxf\cxf-rt-wsdl\4.0.3\cxf-rt-wsdl-4.0.3.jar;C:\Users\Tomás\.m2\repository\wsdl4j\wsdl4j\1.6.3\wsdl4j-1.6.3.jar;C:\Users\Tomás\.m2\repository\org\apache\cxf\cxf-rt-databinding-jaxb\4.0.3\cxf-rt-databinding-jaxb-4.0.3.jar;C:\Users\Tomás\.m2\repository\org\apache\cxf\cxf-rt-bindings-xml\4.0.3\cxf-rt-bindings-xml-4.0.3.jar;C:\Users\Tomás\.m2\repository\org\apache\cxf\cxf-rt-frontend-simple\4.0.3\cxf-rt-frontend-simple-4.0.3.jar;C:\Users\Tomás\.m2\repository\org\eclipse\angus\angus-mail\1.0.0\angus-mail-1.0.0.jar;C:\Users\Tomás\.m2\repository\jakarta\mail\jakarta.mail-api\2.1.0\jakarta.mail-api-2.1.0.jar;C:\Users\Tomás\.m2\repository\org\apache\cxf\cxf-rt-ws-addr\4.0.3\cxf-rt-ws-addr-4.0.3.jar;C:\Users\Tomás\.m2\repository\org\apache\cxf\cxf-rt-ws-policy\4.0.3\cxf-rt-ws-policy-4.0.3.jar;C:\Users\Tomás\.m2\repository\org\apache\neethi\neethi\3.2.0\neethi-3.2.0.jar;C:\Users\Tomás\.m2\repository\org\eclipse\angus\angus-activation\2.0.1\angus-activation-2.0.1.jar;C:\Users\Tomás\.m2\repository\jakarta\activation\jakarta.activation-api\2.1.2\jakarta.activation-api-2.1.2.jar;C:\Users\Tomás\.m2\repository\org\apache\cxf\cxf-rt-transports-http-jetty\4.0.3\cxf-rt-transports-http-jetty-4.0.3.jar;C:\Users\Tomás\.m2\repository\org\apache\cxf\cxf-rt-transports-http\4.0.3\cxf-rt-transports-http-4.0.3.jar;C:\Users\Tomás\.m2\repository\org\eclipse\jetty\jetty-server\11.0.16\jetty-server-11.0.16.jar;C:\Users\Tomás\.m2\repository\org\eclipse\jetty\toolchain\jetty-jakarta-servlet-api\5.0.2\jetty-jakarta-servlet-api-5.0.2.jar;C:\Users\Tomás\.m2\repository\org\eclipse\jetty\jetty-util\11.0.16\jetty-util-11.0.16.jar;C:\Users\Tomás\.m2\repository\org\eclipse\jetty\jetty-io\11.0.16\jetty-io-11.0.16.jar;C:\Users\Tomás\.m2\repository\org\eclipse\jetty\jetty-security\11.0.16\jetty-security-11.0.16.jar;C:\Users\Tomás\.m2\repository\org\eclipse\jetty\jetty-http\11.0.16\jetty-http-11.0.16.jar;C:\Users\Tomás\.m2\repository\org\slf4j\slf4j-api\2.0.9\slf4j-api-2.0.9.jar;C:\Users\Tomás\.m2\repository\junit\junit\4.11\junit-4.11.jar;C:\Users\Tomás\.m2\repository\org\hamcrest\hamcrest-core\1.3\hamcrest-core-1.3.jar;"/>
    <property name="sun.cpu.endian" value="little"/>
    <property name="user.home" value="C:\Users\Tomás"/>
    <property name="user.language" value="es"/>
    <property name="java.specification.vendor" value="Oracle Corporation"/>
    <property name="java.version.date" value="2023-04-18"/>
    <property name="java.home" value="C:\Program Files\Java\jdk-20"/>
    <property name="file.separator" value="\"/>
    <property name="basedir" value="c:\Users\Tomás\Documents\DAS\DAS-FINAL\Publicistas\SOAP\jpg"/>
    <property name="java.vm.compressedOopsMode" value="Zero based"/>
    <property name="line.separator" value="&#10;"/>
    <property name="java.vm.specification.vendor" value="Oracle Corporation"/>
    <property name="java.specification.name" value="Java Platform API Specification"/>
    <property name="surefire.real.class.path" value="C:\Users\TOMS~1\AppData\Local\Temp\surefire12470783322480168521\surefirebooter13785122485959410597.jar"/>
    <property name="user.script" value=""/>
    <property name="sun.management.compiler" value="HotSpot 64-Bit Tiered Compilers"/>
    <property name="java.runtime.version" value="20.0.1+9-29"/>
    <property name="user.name" value="Tomás"/>
    <property name="stdout.encoding" value="Cp1252"/>
    <property name="path.separator" value=";"/>
    <property name="os.version" value="10.0"/>
    <property name="java.runtime.name" value="Java(TM) SE Runtime Environment"/>
    <property name="file.encoding" value="UTF-8"/>
    <property name="java.vm.name" value="Java HotSpot(TM) 64-Bit Server VM"/>
    <property name="localRepository" value="C:\Users\Tomás\.m2\repository"/>
    <property name="java.vendor.url.bug" value="https://bugreport.java.com/bugreport/"/>
    <property name="java.io.tmpdir" value="C:\Users\TOMS~1\AppData\Local\Temp\"/>
    <property name="java.version" value="20.0.1"/>
    <property name="user.dir" value="c:\Users\Tomás\Documents\DAS\DAS-FINAL\Publicistas\SOAP\jpg"/>
    <property name="os.arch" value="amd64"/>
    <property name="java.vm.specification.name" value="Java Virtual Machine Specification"/>
    <property name="sun.os.patch.level" value=""/>
    <property name="native.encoding" value="Cp1252"/>
    <property name="java.library.path" value="C:\Program Files\Java\jdk-20\bin;C:\Windows\Sun\Java\bin;C:\Windows\system32;C:\Windows;C:\Program Files\Microsoft MPI\Bin\;C:\Program Files\Common Files\Oracle\Java\javapath;C:\Program Files\Python311\Scripts\;C:\Program Files\Python311\;C:\Program Files\Rockwell Software\RSCommon;C:\Program Files\Python310\Scripts\;C:\Program Files\Python310\;C:\Windows\system32;C:\Windows;C:\Windows\System32\Wbem;C:\Windows\System32\WindowsPowerShell\v1.0\;C:\Windows\System32\OpenSSH\;C:\Program Files (x86)\NVIDIA Corporation\PhysX\Common;C:\Program Files\NVIDIA Corporation\NVIDIA NvDLISR;C:\Program Files (x86)\Intel\Intel(R) Management Engine Components\DAL;C:\Program Files\Intel\Intel(R) Management Engine Components\DAL;C:\JavaLib\;C:\Users\Tomás\AppData\Roaming\Python\Python310\Scripts;C:\Program Files\Geth;C:\ProgramData\chocolatey\bin;C:\Program Files\dotnet\;C:\Program Files\Git\cmd;C:\Program Files (x86)\Apache\apache-maven-3.9.3\bin;C:\Program Files (x86)\Microsoft SQL Server\150\Tools\Binn\;C:\Program Files\Microsoft SQL Server\150\Tools\Binn\;C:\Program Files (x86)\Microsoft SQL Server\150\DTS\Binn\;C:\Program Files\Microsoft SQL Server\150\DTS\Binn\;C:\Program Files\Microsoft SQL Server\Client SDK\ODBC\170\Tools\Binn\;C:\Program Files (x86)\Microsoft SQL Server\160\DTS\Binn\;C:\Program Files\Azure Data Studio\bin;C:\Program Files\nodejs\;%PROGRAMFILES%\Java\jdk-20\bin;C:\Program Files\Python37\Scripts\;C:\Program Files\Python37\;C:\Users\Tomás\AppData\Local\Microsoft\WindowsApps;C:\Users\Tomás\AppData\Local\Programs\Microsoft VS Code\bin;C:\JavaLib\antlr-4.10.1-complete.jar;C:\Program Files\JetBrains\PyCharm 2022.1.1\bin;;C:\Program Files\Python310\Scripts\;C:\Users\Tomás\AppData\Roaming\Python\Python310\Scripts;C:\Program Files\Geth;C:\tools\ghc-9.2.3\bin;C:\Users\Tomás\.dotnet\tools;C:\Program Files\Azure Data Studio\bin;C:\Users\Tomás\AppData\Roaming\npm;."/>
    <property name="java.vm.info" value="mixed mode, sharing"/>
    <property name="stderr.encoding" value="Cp1252"/>
    <property name="java.vendor" value="Oracle Corporation"/>
    <property name="java.vm.version" value="20.0.1+9-29"/>
    <property name="sun.io.unicode.encoding" value="UnicodeLittle"/>
    <property name="java.class.version" value="64.0"/>
  </properties>
  <testcase name="shouldAnswerWithTrue" classname="ar.edu.ubp.das.jpg.AppTest" time="0.004"/>
</testsuite>