<?xml version="1.0" encoding="UTF-8"?>
<testsuite xmlns:xsi="http://www.w3.org/2001/XMLSchema-instance" xsi:noNamespaceSchemaLocation="https://maven.apache.org/surefire/maven-surefire-plugin/xsd/surefire-test-report.xsd" name="ar.edu.ubp.das.sietesentidos.AppTest" time="0.025" tests="1" errors="0" skipped="0" failures="0">
  <properties>
    <property name="java.specification.version" value="21"/>
    <property name="sun.jnu.encoding" value="UTF-8"/>
    <property name="java.class.path" value="/home/tomas/Proyects/DAS/DAS-FINAL/Publicistas/SOAP/sietesentidos/target/test-classes:/home/tomas/Proyects/DAS/DAS-FINAL/Publicistas/SOAP/sietesentidos/target/classes:/home/tomas/.m2/repository/com/microsoft/sqlserver/mssql-jdbc/12.3.1.jre11-preview/mssql-jdbc-12.3.1.jre11-preview.jar:/home/tomas/.m2/repository/com/google/code/gson/gson/2.10.1/gson-2.10.1.jar:/home/tomas/.m2/repository/org/apache/cxf/cxf-rt-frontend-jaxws/4.0.3/cxf-rt-frontend-jaxws-4.0.3.jar:/home/tomas/.m2/repository/xml-resolver/xml-resolver/1.2/xml-resolver-1.2.jar:/home/tomas/.m2/repository/org/ow2/asm/asm/9.5/asm-9.5.jar:/home/tomas/.m2/repository/org/apache/cxf/cxf-core/4.0.3/cxf-core-4.0.3.jar:/home/tomas/.m2/repository/jakarta/annotation/jakarta.annotation-api/2.1.1/jakarta.annotation-api-2.1.1.jar:/home/tomas/.m2/repository/org/glassfish/jaxb/jaxb-runtime/3.0.2/jaxb-runtime-3.0.2.jar:/home/tomas/.m2/repository/org/glassfish/jaxb/jaxb-core/3.0.2/jaxb-core-3.0.2.jar:/home/tomas/.m2/repository/org/glassfish/jaxb/txw2/3.0.2/txw2-3.0.2.jar:/home/tomas/.m2/repository/com/sun/istack/istack-commons-runtime/4.0.1/istack-commons-runtime-4.0.1.jar:/home/tomas/.m2/repository/com/fasterxml/woodstox/woodstox-core/6.5.1/woodstox-core-6.5.1.jar:/home/tomas/.m2/repository/org/codehaus/woodstox/stax2-api/4.2.1/stax2-api-4.2.1.jar:/home/tomas/.m2/repository/org/apache/ws/xmlschema/xmlschema-core/2.3.1/xmlschema-core-2.3.1.jar:/home/tomas/.m2/repository/jakarta/xml/bind/jakarta.xml.bind-api/3.0.1/jakarta.xml.bind-api-3.0.1.jar:/home/tomas/.m2/repository/org/apache/cxf/cxf-rt-bindings-soap/4.0.3/cxf-rt-bindings-soap-4.0.3.jar:/home/tomas/.m2/repository/jakarta/xml/soap/jakarta.xml.soap-api/2.0.1/jakarta.xml.soap-api-2.0.1.jar:/home/tomas/.m2/repository/jakarta/jws/jakarta.jws-api/3.0.0/jakarta.jws-api-3.0.0.jar:/home/tomas/.m2/repository/jakarta/xml/ws/jakarta.xml.ws-api/3.0.1/jakarta.xml.ws-api-3.0.1.jar:/home/tomas/.m2/repository/org/apache/cxf/cxf-rt-wsdl/4.0.3/cxf-rt-wsdl-4.0.3.jar:/home/tomas/.m2/repository/wsdl4j/wsdl4j/1.6.3/wsdl4j-1.6.3.jar:/home/tomas/.m2/repository/org/apache/cxf/cxf-rt-databinding-jaxb/4.0.3/cxf-rt-databinding-jaxb-4.0.3.jar:/home/tomas/.m2/repository/org/apache/cxf/cxf-rt-bindings-xml/4.0.3/cxf-rt-bindings-xml-4.0.3.jar:/home/tomas/.m2/repository/org/apache/cxf/cxf-rt-frontend-simple/4.0.3/cxf-rt-frontend-simple-4.0.3.jar:/home/tomas/.m2/repository/org/eclipse/angus/angus-mail/1.0.0/angus-mail-1.0.0.jar:/home/tomas/.m2/repository/jakarta/mail/jakarta.mail-api/2.1.0/jakarta.mail-api-2.1.0.jar:/home/tomas/.m2/repository/org/apache/cxf/cxf-rt-ws-addr/4.0.3/cxf-rt-ws-addr-4.0.3.jar:/home/tomas/.m2/repository/org/apache/cxf/cxf-rt-ws-policy/4.0.3/cxf-rt-ws-policy-4.0.3.jar:/home/tomas/.m2/repository/org/apache/neethi/neethi/3.2.0/neethi-3.2.0.jar:/home/tomas/.m2/repository/org/eclipse/angus/angus-activation/2.0.1/angus-activation-2.0.1.jar:/home/tomas/.m2/repository/jakarta/activation/jakarta.activation-api/2.1.2/jakarta.activation-api-2.1.2.jar:/home/tomas/.m2/repository/org/apache/cxf/cxf-rt-transports-http-jetty/4.0.3/cxf-rt-transports-http-jetty-4.0.3.jar:/home/tomas/.m2/repository/org/apache/cxf/cxf-rt-transports-http/4.0.3/cxf-rt-transports-http-4.0.3.jar:/home/tomas/.m2/repository/org/eclipse/jetty/jetty-server/11.0.16/jetty-server-11.0.16.jar:/home/tomas/.m2/repository/org/eclipse/jetty/toolchain/jetty-jakarta-servlet-api/5.0.2/jetty-jakarta-servlet-api-5.0.2.jar:/home/tomas/.m2/repository/org/eclipse/jetty/jetty-util/11.0.16/jetty-util-11.0.16.jar:/home/tomas/.m2/repository/org/eclipse/jetty/jetty-io/11.0.16/jetty-io-11.0.16.jar:/home/tomas/.m2/repository/org/eclipse/jetty/jetty-security/11.0.16/jetty-security-11.0.16.jar:/home/tomas/.m2/repository/org/eclipse/jetty/jetty-http/11.0.16/jetty-http-11.0.16.jar:/home/tomas/.m2/repository/org/slf4j/slf4j-api/2.0.9/slf4j-api-2.0.9.jar:/home/tomas/.m2/repository/junit/junit/4.11/junit-4.11.jar:/home/tomas/.m2/repository/org/hamcrest/hamcrest-core/1.3/hamcrest-core-1.3.jar:"/>
    <property name="java.vm.vendor" value="Oracle Corporation"/>
    <property name="sun.arch.data.model" value="64"/>
    <property name="swing.aatext" value="true"/>
    <property name="java.vendor.url" value="https://java.oracle.com/"/>
    <property name="os.name" value="Linux"/>
    <property name="java.vm.specification.version" value="21"/>
    <property name="sun.java.launcher" value="SUN_STANDARD"/>
    <property name="sun.boot.library.path" value="/usr/lib/jvm/jdk-21-oracle-x64/lib"/>
    <property name="sun.java.command" value="/home/tomas/Proyects/DAS/DAS-FINAL/Publicistas/SOAP/sietesentidos/target/surefire/surefirebooter15350731651893946445.jar /home/tomas/Proyects/DAS/DAS-FINAL/Publicistas/SOAP/sietesentidos/target/surefire 2024-02-28T18-27-41_514-jvmRun1 surefire17729936187921362170tmp surefire_014996998565221530162tmp"/>
    <property name="jdk.debug" value="release"/>
    <property name="surefire.test.class.path" value="/home/tomas/Proyects/DAS/DAS-FINAL/Publicistas/SOAP/sietesentidos/target/test-classes:/home/tomas/Proyects/DAS/DAS-FINAL/Publicistas/SOAP/sietesentidos/target/classes:/home/tomas/.m2/repository/com/microsoft/sqlserver/mssql-jdbc/12.3.1.jre11-preview/mssql-jdbc-12.3.1.jre11-preview.jar:/home/tomas/.m2/repository/com/google/code/gson/gson/2.10.1/gson-2.10.1.jar:/home/tomas/.m2/repository/org/apache/cxf/cxf-rt-frontend-jaxws/4.0.3/cxf-rt-frontend-jaxws-4.0.3.jar:/home/tomas/.m2/repository/xml-resolver/xml-resolver/1.2/xml-resolver-1.2.jar:/home/tomas/.m2/repository/org/ow2/asm/asm/9.5/asm-9.5.jar:/home/tomas/.m2/repository/org/apache/cxf/cxf-core/4.0.3/cxf-core-4.0.3.jar:/home/tomas/.m2/repository/jakarta/annotation/jakarta.annotation-api/2.1.1/jakarta.annotation-api-2.1.1.jar:/home/tomas/.m2/repository/org/glassfish/jaxb/jaxb-runtime/3.0.2/jaxb-runtime-3.0.2.jar:/home/tomas/.m2/repository/org/glassfish/jaxb/jaxb-core/3.0.2/jaxb-core-3.0.2.jar:/home/tomas/.m2/repository/org/glassfish/jaxb/txw2/3.0.2/txw2-3.0.2.jar:/home/tomas/.m2/repository/com/sun/istack/istack-commons-runtime/4.0.1/istack-commons-runtime-4.0.1.jar:/home/tomas/.m2/repository/com/fasterxml/woodstox/woodstox-core/6.5.1/woodstox-core-6.5.1.jar:/home/tomas/.m2/repository/org/codehaus/woodstox/stax2-api/4.2.1/stax2-api-4.2.1.jar:/home/tomas/.m2/repository/org/apache/ws/xmlschema/xmlschema-core/2.3.1/xmlschema-core-2.3.1.jar:/home/tomas/.m2/repository/jakarta/xml/bind/jakarta.xml.bind-api/3.0.1/jakarta.xml.bind-api-3.0.1.jar:/home/tomas/.m2/repository/org/apache/cxf/cxf-rt-bindings-soap/4.0.3/cxf-rt-bindings-soap-4.0.3.jar:/home/tomas/.m2/repository/jakarta/xml/soap/jakarta.xml.soap-api/2.0.1/jakarta.xml.soap-api-2.0.1.jar:/home/tomas/.m2/repository/jakarta/jws/jakarta.jws-api/3.0.0/jakarta.jws-api-3.0.0.jar:/home/tomas/.m2/repository/jakarta/xml/ws/jakarta.xml.ws-api/3.0.1/jakarta.xml.ws-api-3.0.1.jar:/home/tomas/.m2/repository/org/apache/cxf/cxf-rt-wsdl/4.0.3/cxf-rt-wsdl-4.0.3.jar:/home/tomas/.m2/repository/wsdl4j/wsdl4j/1.6.3/wsdl4j-1.6.3.jar:/home/tomas/.m2/repository/org/apache/cxf/cxf-rt-databinding-jaxb/4.0.3/cxf-rt-databinding-jaxb-4.0.3.jar:/home/tomas/.m2/repository/org/apache/cxf/cxf-rt-bindings-xml/4.0.3/cxf-rt-bindings-xml-4.0.3.jar:/home/tomas/.m2/repository/org/apache/cxf/cxf-rt-frontend-simple/4.0.3/cxf-rt-frontend-simple-4.0.3.jar:/home/tomas/.m2/repository/org/eclipse/angus/angus-mail/1.0.0/angus-mail-1.0.0.jar:/home/tomas/.m2/repository/jakarta/mail/jakarta.mail-api/2.1.0/jakarta.mail-api-2.1.0.jar:/home/tomas/.m2/repository/org/apache/cxf/cxf-rt-ws-addr/4.0.3/cxf-rt-ws-addr-4.0.3.jar:/home/tomas/.m2/repository/org/apache/cxf/cxf-rt-ws-policy/4.0.3/cxf-rt-ws-policy-4.0.3.jar:/home/tomas/.m2/repository/org/apache/neethi/neethi/3.2.0/neethi-3.2.0.jar:/home/tomas/.m2/repository/org/eclipse/angus/angus-activation/2.0.1/angus-activation-2.0.1.jar:/home/tomas/.m2/repository/jakarta/activation/jakarta.activation-api/2.1.2/jakarta.activation-api-2.1.2.jar:/home/tomas/.m2/repository/org/apache/cxf/cxf-rt-transports-http-jetty/4.0.3/cxf-rt-transports-http-jetty-4.0.3.jar:/home/tomas/.m2/repository/org/apache/cxf/cxf-rt-transports-http/4.0.3/cxf-rt-transports-http-4.0.3.jar:/home/tomas/.m2/repository/org/eclipse/jetty/jetty-server/11.0.16/jetty-server-11.0.16.jar:/home/tomas/.m2/repository/org/eclipse/jetty/toolchain/jetty-jakarta-servlet-api/5.0.2/jetty-jakarta-servlet-api-5.0.2.jar:/home/tomas/.m2/repository/org/eclipse/jetty/jetty-util/11.0.16/jetty-util-11.0.16.jar:/home/tomas/.m2/repository/org/eclipse/jetty/jetty-io/11.0.16/jetty-io-11.0.16.jar:/home/tomas/.m2/repository/org/eclipse/jetty/jetty-security/11.0.16/jetty-security-11.0.16.jar:/home/tomas/.m2/repository/org/eclipse/jetty/jetty-http/11.0.16/jetty-http-11.0.16.jar:/home/tomas/.m2/repository/org/slf4j/slf4j-api/2.0.9/slf4j-api-2.0.9.jar:/home/tomas/.m2/repository/junit/junit/4.11/junit-4.11.jar:/home/tomas/.m2/repository/org/hamcrest/hamcrest-core/1.3/hamcrest-core-1.3.jar:"/>
    <property name="sun.cpu.endian" value="little"/>
    <property name="user.home" value="/home/tomas"/>
    <property name="user.language" value="en"/>
    <property name="java.specification.vendor" value="Oracle Corporation"/>
    <property name="java.version.date" value="2023-10-17"/>
    <property name="java.home" value="/usr/lib/jvm/jdk-21-oracle-x64"/>
    <property name="file.separator" value="/"/>
    <property name="basedir" value="/home/tomas/Proyects/DAS/DAS-FINAL/Publicistas/SOAP/sietesentidos"/>
    <property name="java.vm.compressedOopsMode" value="Zero based"/>
    <property name="line.separator" value="&#10;"/>
    <property name="java.specification.name" value="Java Platform API Specification"/>
    <property name="java.vm.specification.vendor" value="Oracle Corporation"/>
    <property name="surefire.real.class.path" value="/home/tomas/Proyects/DAS/DAS-FINAL/Publicistas/SOAP/sietesentidos/target/surefire/surefirebooter15350731651893946445.jar"/>
    <property name="awt.useSystemAAFontSettings" value="on"/>
    <property name="sun.management.compiler" value="HotSpot 64-Bit Tiered Compilers"/>
    <property name="java.runtime.version" value="21.0.1+12-LTS-29"/>
    <property name="user.name" value="tomas"/>
    <property name="stdout.encoding" value="UTF-8"/>
    <property name="path.separator" value=":"/>
    <property name="os.version" value="6.5.0-kali3-amd64"/>
    <property name="java.runtime.name" value="Java(TM) SE Runtime Environment"/>
    <property name="file.encoding" value="UTF-8"/>
    <property name="java.vm.name" value="Java HotSpot(TM) 64-Bit Server VM"/>
    <property name="localRepository" value="/home/tomas/.m2/repository"/>
    <property name="java.vendor.url.bug" value="https://bugreport.java.com/bugreport/"/>
    <property name="java.io.tmpdir" value="/tmp"/>
    <property name="java.version" value="21.0.1"/>
    <property name="user.dir" value="/home/tomas/Proyects/DAS/DAS-FINAL/Publicistas/SOAP/sietesentidos"/>
    <property name="os.arch" value="amd64"/>
    <property name="java.vm.specification.name" value="Java Virtual Machine Specification"/>
    <property name="native.encoding" value="UTF-8"/>
    <property name="java.library.path" value="/usr/java/packages/lib:/usr/lib64:/lib64:/lib:/usr/lib"/>
    <property name="java.vm.info" value="mixed mode, sharing"/>
    <property name="stderr.encoding" value="UTF-8"/>
    <property name="java.vendor" value="Oracle Corporation"/>
    <property name="java.vm.version" value="21.0.1+12-LTS-29"/>
    <property name="sun.io.unicode.encoding" value="UnicodeLittle"/>
    <property name="java.class.version" value="65.0"/>
  </properties>
  <testcase name="shouldAnswerWithTrue" classname="ar.edu.ubp.das.sietesentidos.AppTest" time="0.003"/>
</testsuite>